<?xml version="1.0" encoding="UTF-8"?>
<coverage generated="1728630102821" clover="3.2.0">
  <project timestamp="1728630102821" name="All files">
    <metrics statements="31" coveredstatements="28" conditionals="12" coveredconditionals="7" methods="8" coveredmethods="8" elements="51" coveredelements="43" complexity="0" loc="31" ncloc="31" packages="3" files="3" classes="3"/>
    <package name="controllers">
      <metrics statements="14" coveredstatements="11" conditionals="4" coveredconditionals="2" methods="2" coveredmethods="2"/>
      <file name="tripController.ts" path="/home/dennis/Desktop/backend-challenge-rapid/src/controllers/tripController.ts">
        <metrics statements="14" coveredstatements="11" conditionals="4" coveredconditionals="2" methods="2" coveredmethods="2"/>
        <line num="4" count="1" type="stmt"/>
        <line num="8" count="1" type="stmt"/>
        <line num="9" count="1" type="cond" truecount="1" falsecount="1"/>
        <line num="11" count="1" type="stmt"/>
        <line num="17" count="1" type="stmt"/>
        <line num="19" count="0" type="stmt"/>
        <line num="25" count="1" type="stmt"/>
        <line num="29" count="1" type="stmt"/>
        <line num="30" count="1" type="stmt"/>
        <line num="31" count="1" type="stmt"/>
        <line num="32" count="1" type="cond" truecount="1" falsecount="1"/>
        <line num="33" count="1" type="stmt"/>
        <line num="35" count="0" type="stmt"/>
        <line num="38" count="0" type="stmt"/>
      </file>
    </package>
    <package name="routes">
      <metrics statements="3" coveredstatements="3" conditionals="0" coveredconditionals="0" methods="0" coveredmethods="0"/>
      <file name="tripRoutes.ts" path="/home/dennis/Desktop/backend-challenge-rapid/src/routes/tripRoutes.ts">
        <metrics statements="3" coveredstatements="3" conditionals="0" coveredconditionals="0" methods="0" coveredmethods="0"/>
        <line num="5" count="1" type="stmt"/>
        <line num="7" count="1" type="stmt"/>
        <line num="8" count="1" type="stmt"/>
      </file>
    </package>
    <package name="services">
      <metrics statements="14" coveredstatements="14" conditionals="8" coveredconditionals="5" methods="6" coveredmethods="6"/>
      <file name="tripService.ts" path="/home/dennis/Desktop/backend-challenge-rapid/src/services/tripService.ts">
        <metrics statements="14" coveredstatements="14" conditionals="8" coveredconditionals="5" methods="6" coveredmethods="6"/>
        <line num="15" count="1" type="stmt"/>
        <line num="16" count="2" type="stmt"/>
        <line num="17" count="2" type="stmt"/>
        <line num="19" count="2" type="stmt"/>
        <line num="22" count="1" type="stmt"/>
        <line num="28" count="1" type="stmt"/>
        <line num="30" count="1" type="stmt"/>
        <line num="31" count="33" type="cond" truecount="1" falsecount="1"/>
        <line num="34" count="891" type="cond" truecount="2" falsecount="0"/>
        <line num="39" count="33" type="cond" truecount="1" falsecount="1"/>
        <line num="41" count="33" type="cond" truecount="1" falsecount="1"/>
        <line num="45" count="1" type="stmt"/>
        <line num="46" count="1" type="stmt"/>
        <line num="47" count="33" type="stmt"/>
      </file>
    </package>
  </project>
</coverage>
