{"D:\\backend\\src\\controllers\\tripController.ts": {"path":"D:\\backend\\src\\controllers\\tripController.ts","statementMap":{"0":{"start":{"line":5,"column":27},"end":{"line":18,"column":1}},"1":{"start":{"line":6,"column":2},"end":{"line":17,"column":3}},"2":{"start":{"line":7,"column":70},"end":{"line":7,"column":79}},"3":{"start":{"line":8,"column":26},"end":{"line":13,"column":5}},"4":{"start":{"line":14,"column":4},"end":{"line":14,"column":28}},"5":{"start":{"line":16,"column":4},"end":{"line":16,"column":82}},"6":{"start":{"line":20,"column":30},"end":{"line":32,"column":1}},"7":{"start":{"line":21,"column":2},"end":{"line":31,"column":3}},"8":{"start":{"line":22,"column":27},"end":{"line":22,"column":40}},"9":{"start":{"line":23,"column":17},"end":{"line":23,"column":43}},"10":{"start":{"line":24,"column":4},"end":{"line":28,"column":5}},"11":{"start":{"line":25,"column":6},"end":{"line":25,"column":21}},"12":{"start":{"line":27,"column":6},"end":{"line":27,"column":58}},"13":{"start":{"line":30,"column":4},"end":{"line":30,"column":89}}},"fnMap":{"0":{"name":"(anonymous_0)","decl":{"start":{"line":5,"column":27},"end":{"line":5,"column":28}},"loc":{"start":{"line":5,"column":81},"end":{"line":18,"column":1}},"line":5},"1":{"name":"(anonymous_1)","decl":{"start":{"line":20,"column":30},"end":{"line":20,"column":31}},"loc":{"start":{"line":20,"column":84},"end":{"line":32,"column":1}},"line":20}},"branchMap":{"0":{"loc":{"start":{"line":7,"column":12},"end":{"line":7,"column":24}},"type":"default-arg","locations":[{"start":{"line":7,"column":22},"end":{"line":7,"column":24}}],"line":7},"1":{"loc":{"start":{"line":7,"column":26},"end":{"line":7,"column":49}},"type":"default-arg","locations":[{"start":{"line":7,"column":44},"end":{"line":7,"column":49}}],"line":7},"2":{"loc":{"start":{"line":24,"column":4},"end":{"line":28,"column":5}},"type":"if","locations":[{"start":{"line":24,"column":4},"end":{"line":28,"column":5}},{"start":{"line":26,"column":11},"end":{"line":28,"column":5}}],"line":24}},"s":{"0":1,"1":1,"2":1,"3":1,"4":0,"5":1,"6":1,"7":1,"8":1,"9":1,"10":0,"11":0,"12":0,"13":1},"f":{"0":1,"1":1},"b":{"0":[0],"1":[1],"2":[0,0]},"_coverageSchema":"1a1c01bbd47fc00a2c39e90264f33305004495a9","hash":"7f8b3b50db92eb196a5fd9594b59c9901c0df56e"}
,"D:\\backend\\src\\routes\\tripRoutes.ts": {"path":"D:\\backend\\src\\routes\\tripRoutes.ts","statementMap":{"0":{"start":{"line":5,"column":23},"end":{"line":5,"column":31}},"1":{"start":{"line":7,"column":0},"end":{"line":7,"column":35}},"2":{"start":{"line":8,"column":0},"end":{"line":8,"column":35}}},"fnMap":{},"branchMap":{},"s":{"0":1,"1":1,"2":1},"f":{},"b":{},"_coverageSchema":"1a1c01bbd47fc00a2c39e90264f33305004495a9","hash":"2f863d6c1a606474df5fac57aa104aa0dc7b0e7d"}
,"D:\\backend\\src\\services\\tripService.ts": {"path":"D:\\backend\\src\\services\\tripService.ts","statementMap":{"0":{"start":{"line":15,"column":21},"end":{"line":19,"column":1}},"1":{"start":{"line":16,"column":14},"end":{"line":16,"column":77}},"2":{"start":{"line":17,"column":19},"end":{"line":17,"column":39}},"3":{"start":{"line":18,"column":2},"end":{"line":18,"column":23}},"4":{"start":{"line":22,"column":27},"end":{"line":40,"column":1}},"5":{"start":{"line":28,"column":16},"end":{"line":28,"column":36}},"6":{"start":{"line":30,"column":2},"end":{"line":39,"column":5}},"7":{"start":{"line":31,"column":25},"end":{"line":34,"column":12}},"8":{"start":{"line":33,"column":10},"end":{"line":33,"column":90}},"9":{"start":{"line":36,"column":24},"end":{"line":36,"column":75}},"10":{"start":{"line":38,"column":4},"end":{"line":38,"column":39}},"11":{"start":{"line":42,"column":28},"end":{"line":45,"column":1}},"12":{"start":{"line":43,"column":16},"end":{"line":43,"column":36}},"13":{"start":{"line":44,"column":2},"end":{"line":44,"column":44}},"14":{"start":{"line":44,"column":28},"end":{"line":44,"column":42}}},"fnMap":{"0":{"name":"(anonymous_0)","decl":{"start":{"line":15,"column":21},"end":{"line":15,"column":22}},"loc":{"start":{"line":15,"column":50},"end":{"line":19,"column":1}},"line":15},"1":{"name":"(anonymous_1)","decl":{"start":{"line":22,"column":27},"end":{"line":22,"column":28}},"loc":{"start":{"line":27,"column":22},"end":{"line":40,"column":1}},"line":27},"2":{"name":"(anonymous_2)","decl":{"start":{"line":30,"column":22},"end":{"line":30,"column":23}},"loc":{"start":{"line":30,"column":38},"end":{"line":39,"column":3}},"line":30},"3":{"name":"(anonymous_3)","decl":{"start":{"line":32,"column":33},"end":{"line":32,"column":34}},"loc":{"start":{"line":33,"column":10},"end":{"line":33,"column":90}},"line":33},"4":{"name":"(anonymous_4)","decl":{"start":{"line":42,"column":28},"end":{"line":42,"column":29}},"loc":{"start":{"line":42,"column":77},"end":{"line":45,"column":1}},"line":42},"5":{"name":"(anonymous_5)","decl":{"start":{"line":44,"column":20},"end":{"line":44,"column":21}},"loc":{"start":{"line":44,"column":28},"end":{"line":44,"column":42}},"line":44}},"branchMap":{"0":{"loc":{"start":{"line":31,"column":25},"end":{"line":34,"column":12}},"type":"cond-expr","locations":[{"start":{"line":32,"column":8},"end":{"line":33,"column":91}},{"start":{"line":34,"column":8},"end":{"line":34,"column":12}}],"line":31},"1":{"loc":{"start":{"line":33,"column":10},"end":{"line":33,"column":90}},"type":"binary-expr","locations":[{"start":{"line":33,"column":10},"end":{"line":33,"column":35}},{"start":{"line":33,"column":39},"end":{"line":33,"column":90}}],"line":33},"2":{"loc":{"start":{"line":36,"column":24},"end":{"line":36,"column":75}},"type":"cond-expr","locations":[{"start":{"line":36,"column":42},"end":{"line":36,"column":46}},{"start":{"line":36,"column":49},"end":{"line":36,"column":75}}],"line":36},"3":{"loc":{"start":{"line":38,"column":11},"end":{"line":38,"column":38}},"type":"binary-expr","locations":[{"start":{"line":38,"column":11},"end":{"line":38,"column":23}},{"start":{"line":38,"column":27},"end":{"line":38,"column":38}}],"line":38}},"s":{"0":1,"1":2,"2":2,"3":2,"4":1,"5":1,"6":1,"7":0,"8":0,"9":0,"10":0,"11":1,"12":1,"13":1,"14":0},"f":{"0":2,"1":1,"2":0,"3":0,"4":1,"5":0},"b":{"0":[0,0],"1":[0,0],"2":[0,0],"3":[0,0]},"_coverageSchema":"1a1c01bbd47fc00a2c39e90264f33305004495a9","hash":"24ee909fd2441f577dcc2aa8789e4265a2fe48c6"}
}
