{"/home/dennis/Desktop/backend-challenge-rapid/src/controllers/tripController.ts": {"path":"/home/dennis/Desktop/backend-challenge-rapid/src/controllers/tripController.ts","statementMap":{"0":{"start":{"line":4,"column":27},"end":{"line":23,"column":1}},"1":{"start":{"line":8,"column":2},"end":{"line":22,"column":3}},"2":{"start":{"line":9,"column":70},"end":{"line":9,"column":79}},"3":{"start":{"line":11,"column":26},"end":{"line":16,"column":5}},"4":{"start":{"line":17,"column":4},"end":{"line":17,"column":28}},"5":{"start":{"line":19,"column":4},"end":{"line":21,"column":69}},"6":{"start":{"line":25,"column":30},"end":{"line":42,"column":1}},"7":{"start":{"line":29,"column":2},"end":{"line":41,"column":3}},"8":{"start":{"line":30,"column":27},"end":{"line":30,"column":40}},"9":{"start":{"line":31,"column":17},"end":{"line":31,"column":43}},"10":{"start":{"line":32,"column":4},"end":{"line":36,"column":5}},"11":{"start":{"line":33,"column":6},"end":{"line":33,"column":21}},"12":{"start":{"line":35,"column":6},"end":{"line":35,"column":58}},"13":{"start":{"line":38,"column":4},"end":{"line":40,"column":76}}},"fnMap":{"0":{"name":"(anonymous_0)","decl":{"start":{"line":4,"column":27},"end":{"line":4,"column":28}},"loc":{"start":{"line":7,"column":20},"end":{"line":23,"column":1}},"line":7},"1":{"name":"(anonymous_1)","decl":{"start":{"line":25,"column":30},"end":{"line":25,"column":31}},"loc":{"start":{"line":28,"column":20},"end":{"line":42,"column":1}},"line":28}},"branchMap":{"0":{"loc":{"start":{"line":9,"column":12},"end":{"line":9,"column":24}},"type":"default-arg","locations":[{"start":{"line":9,"column":22},"end":{"line":9,"column":24}}],"line":9},"1":{"loc":{"start":{"line":9,"column":26},"end":{"line":9,"column":49}},"type":"default-arg","locations":[{"start":{"line":9,"column":44},"end":{"line":9,"column":49}}],"line":9},"2":{"loc":{"start":{"line":32,"column":4},"end":{"line":36,"column":5}},"type":"if","locations":[{"start":{"line":32,"column":4},"end":{"line":36,"column":5}},{"start":{"line":34,"column":11},"end":{"line":36,"column":5}}],"line":32}},"s":{"0":1,"1":1,"2":1,"3":1,"4":1,"5":0,"6":1,"7":1,"8":1,"9":1,"10":1,"11":1,"12":0,"13":0},"f":{"0":1,"1":1},"b":{"0":[0],"1":[1],"2":[1,0]},"_coverageSchema":"1a1c01bbd47fc00a2c39e90264f33305004495a9","hash":"bdc74566fd3e3d1b4c823a10cef7ac85ad42866d"}
,"/home/dennis/Desktop/backend-challenge-rapid/src/routes/tripRoutes.ts": {"path":"/home/dennis/Desktop/backend-challenge-rapid/src/routes/tripRoutes.ts","statementMap":{"0":{"start":{"line":5,"column":23},"end":{"line":5,"column":31}},"1":{"start":{"line":7,"column":0},"end":{"line":7,"column":35}},"2":{"start":{"line":8,"column":0},"end":{"line":8,"column":35}}},"fnMap":{},"branchMap":{},"s":{"0":1,"1":1,"2":1},"f":{},"b":{},"_coverageSchema":"1a1c01bbd47fc00a2c39e90264f33305004495a9","hash":"9ea126ed5487ea808a6ad3ef7146b3ada9f796f1"}
,"/home/dennis/Desktop/backend-challenge-rapid/src/services/tripService.ts": {"path":"/home/dennis/Desktop/backend-challenge-rapid/src/services/tripService.ts","statementMap":{"0":{"start":{"line":15,"column":21},"end":{"line":20,"column":1}},"1":{"start":{"line":16,"column":14},"end":{"line":16,"column":77}},"2":{"start":{"line":17,"column":19},"end":{"line":17,"column":39}},"3":{"start":{"line":19,"column":2},"end":{"line":19,"column":29}},"4":{"start":{"line":22,"column":27},"end":{"line":43,"column":1}},"5":{"start":{"line":28,"column":16},"end":{"line":28,"column":36}},"6":{"start":{"line":30,"column":2},"end":{"line":42,"column":5}},"7":{"start":{"line":31,"column":25},"end":{"line":37,"column":12}},"8":{"start":{"line":34,"column":12},"end":{"line":35,"column":63}},"9":{"start":{"line":39,"column":24},"end":{"line":39,"column":76}},"10":{"start":{"line":41,"column":4},"end":{"line":41,"column":39}},"11":{"start":{"line":45,"column":28},"end":{"line":48,"column":1}},"12":{"start":{"line":46,"column":16},"end":{"line":46,"column":36}},"13":{"start":{"line":47,"column":2},"end":{"line":47,"column":54}},"14":{"start":{"line":47,"column":30},"end":{"line":47,"column":52}}},"fnMap":{"0":{"name":"(anonymous_0)","decl":{"start":{"line":15,"column":21},"end":{"line":15,"column":22}},"loc":{"start":{"line":15,"column":50},"end":{"line":20,"column":1}},"line":15},"1":{"name":"(anonymous_1)","decl":{"start":{"line":22,"column":27},"end":{"line":22,"column":28}},"loc":{"start":{"line":27,"column":22},"end":{"line":43,"column":1}},"line":27},"2":{"name":"(anonymous_2)","decl":{"start":{"line":30,"column":22},"end":{"line":30,"column":23}},"loc":{"start":{"line":30,"column":38},"end":{"line":42,"column":3}},"line":30},"3":{"name":"(anonymous_3)","decl":{"start":{"line":33,"column":10},"end":{"line":33,"column":11}},"loc":{"start":{"line":34,"column":12},"end":{"line":35,"column":63}},"line":34},"4":{"name":"(anonymous_4)","decl":{"start":{"line":45,"column":28},"end":{"line":45,"column":29}},"loc":{"start":{"line":45,"column":77},"end":{"line":48,"column":1}},"line":45},"5":{"name":"(anonymous_5)","decl":{"start":{"line":47,"column":20},"end":{"line":47,"column":21}},"loc":{"start":{"line":47,"column":30},"end":{"line":47,"column":52}},"line":47}},"branchMap":{"0":{"loc":{"start":{"line":31,"column":25},"end":{"line":37,"column":12}},"type":"cond-expr","locations":[{"start":{"line":32,"column":8},"end":{"line":36,"column":9}},{"start":{"line":37,"column":8},"end":{"line":37,"column":12}}],"line":31},"1":{"loc":{"start":{"line":34,"column":12},"end":{"line":35,"column":63}},"type":"binary-expr","locations":[{"start":{"line":34,"column":12},"end":{"line":34,"column":37}},{"start":{"line":35,"column":12},"end":{"line":35,"column":63}}],"line":34},"2":{"loc":{"start":{"line":39,"column":24},"end":{"line":39,"column":76}},"type":"cond-expr","locations":[{"start":{"line":39,"column":42},"end":{"line":39,"column":46}},{"start":{"line":39,"column":49},"end":{"line":39,"column":76}}],"line":39},"3":{"loc":{"start":{"line":41,"column":11},"end":{"line":41,"column":38}},"type":"binary-expr","locations":[{"start":{"line":41,"column":11},"end":{"line":41,"column":23}},{"start":{"line":41,"column":27},"end":{"line":41,"column":38}}],"line":41}},"s":{"0":1,"1":2,"2":2,"3":2,"4":1,"5":1,"6":1,"7":33,"8":891,"9":33,"10":33,"11":1,"12":1,"13":1,"14":33},"f":{"0":2,"1":1,"2":33,"3":891,"4":1,"5":33},"b":{"0":[33,0],"1":[891,525],"2":[0,33],"3":[33,0]},"_coverageSchema":"1a1c01bbd47fc00a2c39e90264f33305004495a9","hash":"076069dc3f06d9523b49cf7cf866fea98c2a0af5"}
}
