TN:
SF:src\controllers\tripController.ts
FN:5,(anonymous_0)
FN:20,(anonymous_1)
FNF:2
FNH:2
FNDA:1,(anonymous_0)
FNDA:1,(anonymous_1)
DA:5,1
DA:6,1
DA:7,1
DA:8,1
DA:14,0
DA:16,1
DA:20,1
DA:21,1
DA:22,1
DA:23,1
DA:24,0
DA:25,0
DA:27,0
DA:30,1
LF:14
LH:10
BRDA:7,0,0,0
BRDA:7,1,0,1
BRDA:24,2,0,0
BRDA:24,2,1,0
BRF:4
BRH:1
end_of_record
TN:
SF:src\routes\tripRoutes.ts
FNF:0
FNH:0
DA:5,1
DA:7,1
DA:8,1
LF:3
LH:3
BRF:0
BRH:0
end_of_record
TN:
SF:src\services\tripService.ts
FN:15,(anonymous_0)
FN:22,(anonymous_1)
FN:30,(anonymous_2)
FN:32,(anonymous_3)
FN:42,(anonymous_4)
FN:44,(anonymous_5)
FNF:6
FNH:3
FNDA:2,(anonymous_0)
FNDA:1,(anonymous_1)
FNDA:0,(anonymous_2)
FNDA:0,(anonymous_3)
FNDA:1,(anonymous_4)
FNDA:0,(anonymous_5)
DA:15,1
DA:16,2
DA:17,2
DA:18,2
DA:22,1
DA:28,1
DA:30,1
DA:31,0
DA:33,0
DA:36,0
DA:38,0
DA:42,1
DA:43,1
DA:44,1
LF:14
LH:10
BRDA:31,0,0,0
BRDA:31,0,1,0
BRDA:33,1,0,0
BRDA:33,1,1,0
BRDA:36,2,0,0
BRDA:36,2,1,0
BRDA:38,3,0,0
BRDA:38,3,1,0
BRF:8
BRH:0
end_of_record
