TN:
SF:src/controllers/tripController.ts
FN:4,(anonymous_0)
FN:25,(anonymous_1)
FNF:2
FNH:2
FNDA:1,(anonymous_0)
FNDA:1,(anonymous_1)
DA:4,1
DA:8,1
DA:9,1
DA:11,1
DA:17,1
DA:19,0
DA:25,1
DA:29,1
DA:30,1
DA:31,1
DA:32,1
DA:33,1
DA:35,0
DA:38,0
LF:14
LH:11
BRDA:9,0,0,0
BRDA:9,1,0,1
BRDA:32,2,0,1
BRDA:32,2,1,0
BRF:4
BRH:2
end_of_record
TN:
SF:src/routes/tripRoutes.ts
FNF:0
FNH:0
DA:5,1
DA:7,1
DA:8,1
LF:3
LH:3
BRF:0
BRH:0
end_of_record
TN:
SF:src/services/tripService.ts
FN:15,(anonymous_0)
FN:22,(anonymous_1)
FN:30,(anonymous_2)
FN:33,(anonymous_3)
FN:45,(anonymous_4)
FN:47,(anonymous_5)
FNF:6
FNH:6
FNDA:2,(anonymous_0)
FNDA:1,(anonymous_1)
FNDA:33,(anonymous_2)
FNDA:891,(anonymous_3)
FNDA:1,(anonymous_4)
FNDA:33,(anonymous_5)
DA:15,1
DA:16,2
DA:17,2
DA:19,2
DA:22,1
DA:28,1
DA:30,1
DA:31,33
DA:34,891
DA:39,33
DA:41,33
DA:45,1
DA:46,1
DA:47,33
LF:14
LH:14
BRDA:31,0,0,33
BRDA:31,0,1,0
BRDA:34,1,0,891
BRDA:34,1,1,525
BRDA:39,2,0,0
BRDA:39,2,1,33
BRDA:41,3,0,33
BRDA:41,3,1,0
BRF:8
BRH:5
end_of_record
